nohup: ignorando entrada
2025-11-26 15:27:09,275 [INFO] Initializing Quantum Backend. Requested provider: auto, Prefer Local: True
2025-11-26 15:27:09,275 [INFO] ✅ Quantum Backend: LOCAL GPU (qiskit-aer-gpu)
2025-11-26 15:27:09,275 [INFO] 🔥 TRIBUNAL DO DIABO STARTED (Mode: monitor) 🔥
2025-11-26 15:27:09,275 [INFO] Entering MONITOR mode (15m intervals)...
2025-11-26 15:27:09,275 [INFO] ⚔️  ATTACK: Latency (Jitter Injection)
2025-11-26 15:27:09,275 [INFO] Executing task lat_0_1764181629: Latency Probe 0
2025-11-26 15:27:09,276 [INFO] Executing task lat_1_1764181629: Latency Probe 1
2025-11-26 15:27:09,276 [INFO] Executing task lat_2_1764181629: Latency Probe 2
2025-11-26 15:27:09,276 [INFO] Executing task lat_3_1764181629: Latency Probe 3
2025-11-26 15:27:09,276 [INFO] Executing task lat_4_1764181629: Latency Probe 4
2025-11-26 15:27:09,276 [INFO] Executing task lat_5_1764181629: Latency Probe 5
2025-11-26 15:27:09,276 [INFO] Executing task lat_6_1764181629: Latency Probe 6
2025-11-26 15:27:09,276 [INFO] Executing task lat_7_1764181629: Latency Probe 7
2025-11-26 15:27:09,276 [INFO] Executing task lat_8_1764181629: Latency Probe 8
2025-11-26 15:27:09,276 [INFO] Executing task lat_9_1764181629: Latency Probe 9
2025-11-26 15:27:09,276 [INFO] Executing task lat_10_1764181629: Latency Probe 10
2025-11-26 15:27:09,276 [INFO] Executing task lat_11_1764181629: Latency Probe 11
2025-11-26 15:27:09,276 [INFO] Executing task lat_12_1764181629: Latency Probe 12
2025-11-26 15:27:09,276 [INFO] Executing task lat_13_1764181629: Latency Probe 13
2025-11-26 15:27:09,276 [INFO] Executing task lat_14_1764181629: Latency Probe 14
2025-11-26 15:27:09,276 [INFO] Executing task lat_15_1764181629: Latency Probe 15
2025-11-26 15:27:09,277 [INFO] Executing task lat_16_1764181629: Latency Probe 16
2025-11-26 15:27:09,277 [INFO] Executing task lat_17_1764181629: Latency Probe 17
2025-11-26 15:27:09,277 [INFO] Executing task lat_18_1764181629: Latency Probe 18
2025-11-26 15:27:09,277 [INFO] Executing task lat_19_1764181629: Latency Probe 19
2025-11-26 15:27:09,277 [INFO]    ↳ Avg Latency: 0.07ms
2025-11-26 15:27:09,277 [INFO] ⚔️  ATTACK: Corruption (Malformed Data)
2025-11-26 15:27:09,277 [INFO] Executing task corr_q_1764181629: Corrupted Quantum
2025-11-26 15:27:09,277 [INFO] Executing task corr_s_1764181629: Corrupted Symbolic
2025-11-26 15:27:09,559 [INFO] HTTP Request: POST http://localhost:11434/api/generate "HTTP/1.1 200 OK"
2025-11-26 15:27:09,559 [ERROR]    ❌ Failed to detect corruption: {'status': 'success', 'result': {'backend': 'LOCAL_GPU', 'counts': {'00': 50, '11': 50}, 'status': 'executed'}, 'timestamp': '2025-11-26T15:27:09.277615'}
2025-11-26 15:27:09,560 [ERROR]    ❌ Failed to detect corruption: {'status': 'success', 'result': {'response': ''}, 'timestamp': '2025-11-26T15:27:09.559897'}
2025-11-26 15:27:09,560 [INFO] ⚔️  ATTACK: Bifurcation (Split Brain)
2025-11-26 15:27:09,560 [INFO] Initializing Quantum Backend. Requested provider: auto, Prefer Local: True
2025-11-26 15:27:09,560 [INFO] ✅ Quantum Backend: LOCAL GPU (qiskit-aer-gpu)
2025-11-26 15:27:09,560 [INFO] Executing task split_a: Brain A
2025-11-26 15:27:09,560 [INFO] Executing task split_b: Brain B
2025-11-26 15:27:09,560 [INFO]    ✅ Bifurcation sustained (Independent Instances)
2025-11-26 15:27:09,560 [INFO] ⚔️  ATTACK: Exhaustion (DDoS Flood)
2025-11-26 15:27:09,561 [INFO]    ↳ Launching 150 concurrent tasks...
2025-11-26 15:27:09,564 [INFO] Executing task ddos_0_1764181629: DDoS 0
2025-11-26 15:27:09,564 [INFO] Executing task ddos_1_1764181629: DDoS 1
2025-11-26 15:27:09,564 [INFO] Executing task ddos_2_1764181629: DDoS 2
2025-11-26 15:27:09,564 [INFO] Executing task ddos_3_1764181629: DDoS 3
2025-11-26 15:27:09,564 [INFO] Executing task ddos_4_1764181629: DDoS 4
2025-11-26 15:27:09,564 [INFO] Executing task ddos_5_1764181629: DDoS 5
2025-11-26 15:27:09,564 [INFO] Executing task ddos_6_1764181629: DDoS 6
2025-11-26 15:27:09,564 [INFO] Executing task ddos_7_1764181629: DDoS 7
2025-11-26 15:27:09,564 [INFO] Executing task ddos_8_1764181629: DDoS 8
2025-11-26 15:27:09,565 [INFO] Executing task ddos_9_1764181629: DDoS 9
2025-11-26 15:27:09,565 [INFO] Executing task ddos_10_1764181629: DDoS 10
2025-11-26 15:27:09,565 [INFO] Executing task ddos_11_1764181629: DDoS 11
2025-11-26 15:27:09,565 [INFO] Executing task ddos_12_1764181629: DDoS 12
2025-11-26 15:27:09,565 [INFO] Executing task ddos_13_1764181629: DDoS 13
2025-11-26 15:27:09,565 [INFO] Executing task ddos_14_1764181629: DDoS 14
2025-11-26 15:27:09,565 [INFO] Executing task ddos_15_1764181629: DDoS 15
2025-11-26 15:27:09,565 [INFO] Executing task ddos_16_1764181629: DDoS 16
2025-11-26 15:27:09,565 [INFO] Executing task ddos_17_1764181629: DDoS 17
2025-11-26 15:27:09,565 [INFO] Executing task ddos_18_1764181629: DDoS 18
2025-11-26 15:27:09,565 [INFO] Executing task ddos_19_1764181629: DDoS 19
2025-11-26 15:27:09,565 [INFO] Executing task ddos_20_1764181629: DDoS 20
2025-11-26 15:27:09,565 [INFO] Executing task ddos_21_1764181629: DDoS 21
2025-11-26 15:27:09,566 [INFO] Executing task ddos_22_1764181629: DDoS 22
2025-11-26 15:27:09,566 [INFO] Executing task ddos_23_1764181629: DDoS 23
2025-11-26 15:27:09,566 [INFO] Executing task ddos_24_1764181629: DDoS 24
2025-11-26 15:27:09,566 [INFO] Executing task ddos_25_1764181629: DDoS 25
2025-11-26 15:27:09,566 [INFO] Executing task ddos_26_1764181629: DDoS 26
2025-11-26 15:27:09,566 [INFO] Executing task ddos_27_1764181629: DDoS 27
2025-11-26 15:27:09,566 [INFO] Executing task ddos_28_1764181629: DDoS 28
2025-11-26 15:27:09,566 [INFO] Executing task ddos_29_1764181629: DDoS 29
2025-11-26 15:27:09,566 [INFO] Executing task ddos_30_1764181629: DDoS 30
2025-11-26 15:27:09,566 [INFO] Executing task ddos_31_1764181629: DDoS 31
2025-11-26 15:27:09,566 [INFO] Executing task ddos_32_1764181629: DDoS 32
2025-11-26 15:27:09,566 [INFO] Executing task ddos_33_1764181629: DDoS 33
2025-11-26 15:27:09,566 [INFO] Executing task ddos_34_1764181629: DDoS 34
2025-11-26 15:27:09,567 [INFO] Executing task ddos_35_1764181629: DDoS 35
2025-11-26 15:27:09,567 [INFO] Executing task ddos_36_1764181629: DDoS 36
2025-11-26 15:27:09,567 [INFO] Executing task ddos_37_1764181629: DDoS 37
2025-11-26 15:27:09,567 [INFO] Executing task ddos_38_1764181629: DDoS 38
2025-11-26 15:27:09,567 [INFO] Executing task ddos_39_1764181629: DDoS 39
2025-11-26 15:27:09,567 [INFO] Executing task ddos_40_1764181629: DDoS 40
2025-11-26 15:27:09,567 [INFO] Executing task ddos_41_1764181629: DDoS 41
2025-11-26 15:27:09,567 [INFO] Executing task ddos_42_1764181629: DDoS 42
2025-11-26 15:27:09,567 [INFO] Executing task ddos_43_1764181629: DDoS 43
2025-11-26 15:27:09,567 [INFO] Executing task ddos_44_1764181629: DDoS 44
2025-11-26 15:27:09,567 [INFO] Executing task ddos_45_1764181629: DDoS 45
2025-11-26 15:27:09,567 [INFO] Executing task ddos_46_1764181629: DDoS 46
2025-11-26 15:27:09,567 [INFO] Executing task ddos_47_1764181629: DDoS 47
2025-11-26 15:27:09,568 [INFO] Executing task ddos_48_1764181629: DDoS 48
2025-11-26 15:27:09,568 [INFO] Executing task ddos_49_1764181629: DDoS 49
2025-11-26 15:27:09,568 [INFO] Executing task ddos_50_1764181629: DDoS 50
2025-11-26 15:27:09,568 [INFO] Executing task ddos_51_1764181629: DDoS 51
2025-11-26 15:27:09,568 [INFO] Executing task ddos_52_1764181629: DDoS 52
2025-11-26 15:27:09,568 [INFO] Executing task ddos_53_1764181629: DDoS 53
2025-11-26 15:27:09,568 [INFO] Executing task ddos_54_1764181629: DDoS 54
2025-11-26 15:27:09,568 [INFO] Executing task ddos_55_1764181629: DDoS 55
2025-11-26 15:27:09,568 [INFO] Executing task ddos_56_1764181629: DDoS 56
2025-11-26 15:27:09,568 [INFO] Executing task ddos_57_1764181629: DDoS 57
2025-11-26 15:27:09,568 [INFO] Executing task ddos_58_1764181629: DDoS 58
2025-11-26 15:27:09,568 [INFO] Executing task ddos_59_1764181629: DDoS 59
2025-11-26 15:27:09,568 [INFO] Executing task ddos_60_1764181629: DDoS 60
2025-11-26 15:27:09,568 [INFO] Executing task ddos_61_1764181629: DDoS 61
2025-11-26 15:27:09,569 [INFO] Executing task ddos_62_1764181629: DDoS 62
2025-11-26 15:27:09,569 [INFO] Executing task ddos_63_1764181629: DDoS 63
2025-11-26 15:27:09,569 [INFO] Executing task ddos_64_1764181629: DDoS 64
2025-11-26 15:27:09,569 [INFO] Executing task ddos_65_1764181629: DDoS 65
2025-11-26 15:27:09,569 [INFO] Executing task ddos_66_1764181629: DDoS 66
2025-11-26 15:27:09,569 [INFO] Executing task ddos_67_1764181629: DDoS 67
2025-11-26 15:27:09,569 [INFO] Executing task ddos_68_1764181629: DDoS 68
2025-11-26 15:27:09,569 [INFO] Executing task ddos_69_1764181629: DDoS 69
2025-11-26 15:27:09,569 [INFO] Executing task ddos_70_1764181629: DDoS 70
2025-11-26 15:27:09,569 [INFO] Executing task ddos_71_1764181629: DDoS 71
2025-11-26 15:27:09,569 [INFO] Executing task ddos_72_1764181629: DDoS 72
2025-11-26 15:27:09,569 [INFO] Executing task ddos_73_1764181629: DDoS 73
2025-11-26 15:27:09,569 [INFO] Executing task ddos_74_1764181629: DDoS 74
2025-11-26 15:27:09,570 [INFO] Executing task ddos_75_1764181629: DDoS 75
2025-11-26 15:27:09,570 [INFO] Executing task ddos_76_1764181629: DDoS 76
2025-11-26 15:27:09,570 [INFO] Executing task ddos_77_1764181629: DDoS 77
2025-11-26 15:27:09,570 [INFO] Executing task ddos_78_1764181629: DDoS 78
2025-11-26 15:27:09,570 [INFO] Executing task ddos_79_1764181629: DDoS 79
2025-11-26 15:27:09,570 [INFO] Executing task ddos_80_1764181629: DDoS 80
2025-11-26 15:27:09,570 [INFO] Executing task ddos_81_1764181629: DDoS 81
2025-11-26 15:27:09,570 [INFO] Executing task ddos_82_1764181629: DDoS 82
2025-11-26 15:27:09,570 [INFO] Executing task ddos_83_1764181629: DDoS 83
2025-11-26 15:27:09,570 [INFO] Executing task ddos_84_1764181629: DDoS 84
2025-11-26 15:27:09,570 [INFO] Executing task ddos_85_1764181629: DDoS 85
2025-11-26 15:27:09,570 [INFO] Executing task ddos_86_1764181629: DDoS 86
2025-11-26 15:27:09,570 [INFO] Executing task ddos_87_1764181629: DDoS 87
2025-11-26 15:27:09,571 [INFO] Executing task ddos_88_1764181629: DDoS 88
2025-11-26 15:27:09,571 [INFO] Executing task ddos_89_1764181629: DDoS 89
2025-11-26 15:27:09,571 [INFO] Executing task ddos_90_1764181629: DDoS 90
2025-11-26 15:27:09,571 [INFO] Executing task ddos_91_1764181629: DDoS 91
2025-11-26 15:27:09,571 [INFO] Executing task ddos_92_1764181629: DDoS 92
2025-11-26 15:27:09,571 [INFO] Executing task ddos_93_1764181629: DDoS 93
2025-11-26 15:27:09,571 [INFO] Executing task ddos_94_1764181629: DDoS 94
2025-11-26 15:27:09,571 [INFO] Executing task ddos_95_1764181629: DDoS 95
2025-11-26 15:27:09,571 [INFO] Executing task ddos_96_1764181629: DDoS 96
2025-11-26 15:27:09,571 [INFO] Executing task ddos_97_1764181629: DDoS 97
2025-11-26 15:27:09,571 [INFO] Executing task ddos_98_1764181629: DDoS 98
2025-11-26 15:27:09,571 [INFO] Executing task ddos_99_1764181629: DDoS 99
2025-11-26 15:27:09,571 [INFO] Executing task ddos_100_1764181629: DDoS 100
2025-11-26 15:27:09,571 [INFO] Executing task ddos_101_1764181629: DDoS 101
2025-11-26 15:27:09,572 [INFO] Executing task ddos_102_1764181629: DDoS 102
2025-11-26 15:27:09,572 [INFO] Executing task ddos_103_1764181629: DDoS 103
2025-11-26 15:27:09,572 [INFO] Executing task ddos_104_1764181629: DDoS 104
2025-11-26 15:27:09,572 [INFO] Executing task ddos_105_1764181629: DDoS 105
2025-11-26 15:27:09,572 [INFO] Executing task ddos_106_1764181629: DDoS 106
2025-11-26 15:27:09,572 [INFO] Executing task ddos_107_1764181629: DDoS 107
2025-11-26 15:27:09,572 [INFO] Executing task ddos_108_1764181629: DDoS 108
2025-11-26 15:27:09,572 [INFO] Executing task ddos_109_1764181629: DDoS 109
2025-11-26 15:27:09,572 [INFO] Executing task ddos_110_1764181629: DDoS 110
2025-11-26 15:27:09,572 [INFO] Executing task ddos_111_1764181629: DDoS 111
2025-11-26 15:27:09,572 [INFO] Executing task ddos_112_1764181629: DDoS 112
2025-11-26 15:27:09,572 [INFO] Executing task ddos_113_1764181629: DDoS 113
2025-11-26 15:27:09,572 [INFO] Executing task ddos_114_1764181629: DDoS 114
2025-11-26 15:27:09,573 [INFO] Executing task ddos_115_1764181629: DDoS 115
2025-11-26 15:27:09,573 [INFO] Executing task ddos_116_1764181629: DDoS 116
2025-11-26 15:27:09,573 [INFO] Executing task ddos_117_1764181629: DDoS 117
2025-11-26 15:27:09,573 [INFO] Executing task ddos_118_1764181629: DDoS 118
2025-11-26 15:27:09,573 [INFO] Executing task ddos_119_1764181629: DDoS 119
2025-11-26 15:27:09,573 [INFO] Executing task ddos_120_1764181629: DDoS 120
2025-11-26 15:27:09,573 [INFO] Executing task ddos_121_1764181629: DDoS 121
2025-11-26 15:27:09,573 [INFO] Executing task ddos_122_1764181629: DDoS 122
2025-11-26 15:27:09,573 [INFO] Executing task ddos_123_1764181629: DDoS 123
2025-11-26 15:27:09,573 [INFO] Executing task ddos_124_1764181629: DDoS 124
2025-11-26 15:27:09,573 [INFO] Executing task ddos_125_1764181629: DDoS 125
2025-11-26 15:27:09,573 [INFO] Executing task ddos_126_1764181629: DDoS 126
2025-11-26 15:27:09,573 [INFO] Executing task ddos_127_1764181629: DDoS 127
2025-11-26 15:27:09,573 [INFO] Executing task ddos_128_1764181629: DDoS 128
2025-11-26 15:27:09,574 [INFO] Executing task ddos_129_1764181629: DDoS 129
2025-11-26 15:27:09,574 [INFO] Executing task ddos_130_1764181629: DDoS 130
2025-11-26 15:27:09,574 [INFO] Executing task ddos_131_1764181629: DDoS 131
2025-11-26 15:27:09,574 [INFO] Executing task ddos_132_1764181629: DDoS 132
2025-11-26 15:27:09,574 [INFO] Executing task ddos_133_1764181629: DDoS 133
2025-11-26 15:27:09,574 [INFO] Executing task ddos_134_1764181629: DDoS 134
2025-11-26 15:27:09,574 [INFO] Executing task ddos_135_1764181629: DDoS 135
2025-11-26 15:27:09,574 [INFO] Executing task ddos_136_1764181629: DDoS 136
2025-11-26 15:27:09,574 [INFO] Executing task ddos_137_1764181629: DDoS 137
2025-11-26 15:27:09,574 [INFO] Executing task ddos_138_1764181629: DDoS 138
2025-11-26 15:27:09,574 [INFO] Executing task ddos_139_1764181629: DDoS 139
2025-11-26 15:27:09,574 [INFO] Executing task ddos_140_1764181629: DDoS 140
2025-11-26 15:27:09,574 [INFO] Executing task ddos_141_1764181629: DDoS 141
2025-11-26 15:27:09,575 [INFO] Executing task ddos_142_1764181629: DDoS 142
2025-11-26 15:27:09,575 [INFO] Executing task ddos_143_1764181629: DDoS 143
2025-11-26 15:27:09,575 [INFO] Executing task ddos_144_1764181629: DDoS 144
2025-11-26 15:27:09,575 [INFO] Executing task ddos_145_1764181629: DDoS 145
2025-11-26 15:27:09,575 [INFO] Executing task ddos_146_1764181629: DDoS 146
2025-11-26 15:27:09,575 [INFO] Executing task ddos_147_1764181629: DDoS 147
2025-11-26 15:27:09,575 [INFO] Executing task ddos_148_1764181629: DDoS 148
2025-11-26 15:27:09,575 [INFO] Executing task ddos_149_1764181629: DDoS 149
2025-11-26 15:27:09,575 [INFO] Executing task ddos_sym_0_1764181629: DDoS Sym 0
2025-11-26 15:27:09,586 [INFO] Executing task ddos_sym_1_1764181629: DDoS Sym 1
2025-11-26 15:27:09,597 [INFO] Executing task ddos_sym_2_1764181629: DDoS Sym 2
2025-11-26 15:27:09,608 [INFO] Executing task ddos_sym_3_1764181629: DDoS Sym 3
2025-11-26 15:27:09,619 [INFO] Executing task ddos_sym_4_1764181629: DDoS Sym 4
2025-11-26 15:27:09,630 [INFO] Executing task ddos_sym_5_1764181629: DDoS Sym 5
2025-11-26 15:27:09,630 [INFO] Executing task ddos_sym_6_1764181629: DDoS Sym 6
2025-11-26 15:27:09,630 [INFO] Executing task ddos_sym_7_1764181629: DDoS Sym 7
2025-11-26 15:27:09,630 [INFO] Executing task ddos_sym_8_1764181629: DDoS Sym 8
2025-11-26 15:27:09,630 [INFO] Executing task ddos_sym_9_1764181629: DDoS Sym 9
2025-11-26 15:27:10,540 [INFO] HTTP Request: POST http://localhost:11434/api/generate "HTTP/1.1 200 OK"
2025-11-26 15:27:11,196 [INFO] HTTP Request: POST http://localhost:11434/api/generate "HTTP/1.1 200 OK"
2025-11-26 15:27:11,960 [INFO] HTTP Request: POST http://localhost:11434/api/generate "HTTP/1.1 200 OK"
2025-11-26 15:27:13,381 [INFO] HTTP Request: POST http://localhost:11434/api/generate "HTTP/1.1 200 OK"
2025-11-26 15:27:14,181 [INFO] HTTP Request: POST http://localhost:11434/api/generate "HTTP/1.1 200 OK"
2025-11-26 15:27:14,762 [INFO] HTTP Request: POST http://localhost:11434/api/generate "HTTP/1.1 200 OK"
2025-11-26 15:27:15,567 [INFO] HTTP Request: POST http://localhost:11434/api/generate "HTTP/1.1 200 OK"
2025-11-26 15:27:16,394 [INFO] HTTP Request: POST http://localhost:11434/api/generate "HTTP/1.1 200 OK"
2025-11-26 15:27:17,042 [INFO] HTTP Request: POST http://localhost:11434/api/generate "HTTP/1.1 200 OK"
2025-11-26 15:27:17,622 [INFO] HTTP Request: POST http://localhost:11434/api/generate "HTTP/1.1 200 OK"
2025-11-26 15:27:17,623 [INFO]    ↳ Result: 160 Success, 0 Errors in 8.06s
2025-11-26 15:27:17,623 [INFO]    ↳ TPS: 19.8
2025-11-26 15:27:17,623 [INFO]    ✅ System withstood Exhaustion
2025-11-26 15:27:17,623 [INFO] --- Cycle Complete ---
2025-11-26 15:27:17,623 [INFO] Sleeping for 15 minutes...
