2026-01-27T22:30:00Z | PULSE | Φ=1.77 | SOVEREIGN | Portal Initialized
1769981819.2277489 | PULSE | Φ=0.24 | SOVEREIGN | Zombie Pulse
1778639720.9569676 | PULSE | Φ=0.2327 | entropy=1.6638 | SYNCHRONIZED | Public Mirror
2026-05-13T02:35:20.956968Z | PULSE | Φ=0.2327 | entropy=0.2327 | SYNCHRONIZED | Public Mirror
2026-05-13T02:53:27.914465Z | PULSE | Φ=0.2254 | entropy=0.2254 | SYNCHRONIZED | Public Mirror
2026-05-13T04:22:19.367517Z | INTENSIVE | Φ=1.9438 | Ψ=0.1690 | σ=0.9652 | ε=0.5000 | C=3.5780
2026-05-13T06:09:40.224420Z | INTENSIVE | Φ=2.0406 | Ψ=0.1696 | σ=0.9680 | ε=0.4000 | C=3.5781
2026-05-13T07:09:48.988537Z | PULSE | Φ=2.5220 | Ψ=0.2610 | σ=0.9610 | ε=0.4025
2026-05-13T08:01:58.957501Z | INTENSIVE | Φ=2.0760 | Ψ=0.2257 | σ=0.9692 | ε=0.5500 | C=3.8209
2026-05-13T09:56:35.331349Z | INTENSIVE | Φ=2.0558 | Ψ=0.1556 | σ=0.9703 | ε=0.5500 | C=3.7317
2026-05-13T10:56:42.559633Z | INTENSIVE | Φ=2.0769 | Ψ=0.1600 | σ=0.9716 | ε=0.3000 | C=3.5086
2026-05-13T11:47:49.847663Z | INTENSIVE | Φ=1.9682 | Ψ=0.1451 | σ=0.9638 | ε=0.6000 | C=3.6770
2026-05-13T12:48:38.577126Z | INTENSIVE | Φ=2.0194 | Ψ=0.1761 | σ=0.9659 | ε=0.6000 | C=3.7615
2026-05-13T12:50:55.523788Z | PULSE | Φ=2.4000 | Ψ=0.2000 | σ=0.9000 | ε=0.2500
2026-05-13T13:45:47.586603Z | INTENSIVE | Φ=2.0353 | Ψ=0.1560 | σ=0.9672 | ε=0.3500 | C=3.5085
2026-05-13T15:04:51.449973Z | INTENSIVE | Φ=2.0136 | Ψ=0.1432 | σ=0.9716 | ε=0.4500 | C=3.5784
2026-05-13T16:49:50.795643Z | INTENSIVE | Φ=1.9997 | Ψ=0.1585 | σ=0.9711 | ε=0.7000 | C=3.8293
2026-05-13T17:44:36.906639Z | INTENSIVE | Φ=2.1448 | Ψ=0.1592 | σ=0.9634 | ε=0.4000 | C=3.6674
2026-05-13T18:41:51.882391Z | INTENSIVE | Φ=1.9740 | Ψ=0.1821 | σ=0.9669 | ε=0.6500 | C=3.7730
2026-05-13T18:43:55.302830Z | PULSE | Φ=1.6740 | Ψ=0.3370 | σ=0.9370 | ε=0.3425
2026-05-13T19:35:50.308918Z | INTENSIVE | Φ=2.0166 | Ψ=0.2138 | σ=0.9697 | ε=0.4000 | C=3.6001
2026-05-13T20:36:52.794388Z | INTENSIVE | Φ=2.0666 | Ψ=0.1918 | σ=0.9648 | ε=0.5000 | C=3.7232
2026-05-13T21:34:17.083298Z | INTENSIVE | Φ=1.9949 | Ψ=0.1767 | σ=0.9722 | ε=0.5500 | C=3.6938
