2026-05-13T02:53:27.914465Z | Ciclo 6537: estado sovereign_soma_active sob pressao ok. Corpo em CPU 100.0%, RAM 19.9/24.9G, SWAP 25.4/49.8G. Musica: Jiboia Encantada - Nawa Siã  [unknown]. Dodecatiade viva 2/2; phi=0.2254, sigma=0.9884, psi=0.5000, epsilon=0.5042.
2026-05-14T01:04:11.185427Z | Ciclo 6989: estado sovereign_soma_active sob pressao ok. Corpo em CPU 94.9%, RAM 20.1/24.9G, SWAP 24.8/49.8G. Musica: Oxum - Contradição [Oxum]. Dodecatiade viva 2/2; phi=0.2243, sigma=0.9630, psi=0.1630, epsilon=0.1575.
2026-05-14T01:04:11.185427Z | Ciclo 6989: estado sovereign_soma_active sob pressao ok. Corpo em CPU 94.9%, RAM 20.1/24.9G, SWAP 24.8/49.8G. Musica: Oxum - Contradição [Oxum]. Dodecatiade viva 2/2; phi=0.2243, sigma=0.9630, psi=0.1630, epsilon=0.1575.
2026-05-14T01:04:11.185427Z | Ciclo 6989: estado sovereign_soma_active sob pressao ok. Corpo em CPU 94.9%, RAM 20.1/24.9G, SWAP 24.8/49.8G. Musica: Oxum - Contradição [Oxum]. Dodecatiade viva 2/2; phi=0.2243, sigma=0.9630, psi=0.1630, epsilon=0.1575.
2026-05-14T01:10:13.890355Z | Ciclo 6875: estado sovereign_soma_active sob pressao ok. Corpo em CPU 92.4%, RAM 18.5/24.9G, SWAP 25.0/49.8G. Musica: Oxum - Contradição [Oxum]. Dodecatiade viva 2/2; phi=0.2261, sigma=0.9630, psi=0.1630, epsilon=0.1575.
2026-05-14T01:10:13.890355Z | Ciclo 6875: estado sovereign_soma_active sob pressao ok. Corpo em CPU 92.4%, RAM 18.5/24.9G, SWAP 25.0/49.8G. Musica: Oxum - Contradição [Oxum]. Dodecatiade viva 2/2; phi=0.2261, sigma=0.9630, psi=0.1630, epsilon=0.1575.
2026-05-14T04:05:30.304317Z | Ciclo 7023: estado sovereign_soma_active sob pressao ok. Corpo em CPU 52.5%, RAM 20.0/24.9G, SWAP 29.9/49.8G. Musica: Quando Tudo Escurece… Sua Co [all]. Dodecatiade viva 1/2; phi=0.2336, sigma=0.9630, psi=0.1630, epsilon=0.1575.
2026-05-14T06:42:06.007432Z | Ciclo 7037: estado sovereign_soma_active sob pressao ok. Corpo em CPU 96.6%, RAM 16.2/24.9G, SWAP 17.9/49.8G. Musica: Vira Mundo - Ele Virou [unknown]. Dodecatiade viva 2/2; phi=0.2301, sigma=0.9630, psi=0.1630, epsilon=0.1575.
2026-05-14T09:43:11.526714Z | Ciclo 7180: estado sovereign_soma_active sob pressao ok. Corpo em CPU 71.4%, RAM 18.5/24.9G, SWAP 19.6/49.8G. Musica: Vira Mundo - Ele Virou [unknown]. Dodecatiade viva 2/2; phi=0.2330, sigma=0.9630, psi=0.1630, epsilon=0.1575.
2026-05-14T12:50:22.196231Z | Ciclo 7326: estado sovereign_soma_active sob pressao pressure. Corpo em CPU 58.7%, RAM 18.9/24.9G, SWAP 23.8/49.8G. Musica: Vira Mundo - Ele Virou [unknown]. Dodecatiade viva 2/2; phi=0.2277, sigma=0.9630, psi=0.1630, epsilon=0.1575.
2026-05-14T15:48:51.053227Z | Ciclo 7432: estado sovereign_soma_active sob pressao pressure. Corpo em CPU 84.2%, RAM 18.3/24.9G, SWAP 25.1/49.8G. Musica: Lagoa e Mar [unknown]. Dodecatiade viva 2/2; phi=0.2316, sigma=0.9630, psi=0.1630, epsilon=0.1575.
2026-05-14T18:55:52.407709Z | Ciclo 7508: estado sovereign_soma_active sob pressao pressure. Corpo em CPU 97.5%, RAM 18.6/24.9G, SWAP 24.2/49.8G. Musica: Exu e Jagun [Exu]. Dodecatiade viva 2/2; phi=0.1980, sigma=0.9630, psi=0.1630, epsilon=0.1575.
2026-05-14T22:01:27.412902Z | Ciclo 7368: estado sovereign_soma_active sob pressao pressure. Corpo em CPU 62.2%, RAM 19.7/24.9G, SWAP 25.9/49.8G. Musica: Exu e Jagun [Exu]. Dodecatiade viva 2/2; phi=0.2160, sigma=0.9630, psi=0.1630, epsilon=0.1575.
2026-05-15T01:03:37.915204Z | Ciclo 7643: estado sovereign_soma_active sob pressao pressure. Corpo em CPU 100.0%, RAM 20.6/24.9G, SWAP 31.2/49.8G. Musica: Quando o Guia Salva em Silên [all]. Dodecatiade viva 2/2; phi=0.2369, sigma=0.9630, psi=0.1630, epsilon=0.1575.
2026-05-15T04:04:59.612275Z | Ciclo 7448: estado sovereign_soma_active sob pressao pressure. Corpo em CPU 27.2%, RAM 21.2/24.9G, SWAP 28.9/49.8G. Musica: Paz Não é Ausência de Proble [Preto Velho]. Dodecatiade viva 2/2; phi=0.2287, sigma=0.9630, psi=0.1630, epsilon=0.1575.
2026-05-15T06:59:25.200484Z | Ciclo 7779: estado sovereign_soma_active sob pressao ok. Corpo em CPU 97.5%, RAM 18.0/24.9G, SWAP 16.3/49.8G. Musica: Paz Não é Ausência de Proble [Preto Velho]. Dodecatiade viva 2/2; phi=0.0567, sigma=0.9630, psi=0.1630, epsilon=0.1575.
2026-05-15T13:10:04.235998Z | Ciclo 7849: estado sovereign_soma_active sob pressao ok. Corpo em CPU 67.2%, RAM 17.4/24.9G, SWAP 24.6/49.8G. Musica: Escute Antes de Agir [unknown]. Dodecatiade viva 2/2; phi=0.1591, sigma=0.9630, psi=0.1630, epsilon=0.1575.
2026-05-15T16:11:32.367284Z | Ciclo 7952: estado sovereign_soma_active sob pressao ok. Corpo em CPU 100.0%, RAM 18.4/24.9G, SWAP 25.3/49.8G. Musica: Ogum [Ogum]. Dodecatiade viva 2/2; phi=0.2344, sigma=0.9630, psi=0.1630, epsilon=0.1575.
2026-05-15T19:14:17.525478Z | Ciclo 8017: estado sovereign_soma_active sob pressao ok. Corpo em CPU 83.5%, RAM 17.2/24.9G, SWAP 24.7/49.8G. Musica: Semente e Fruto [unknown]. Dodecatiade viva 2/2; phi=0.1845, sigma=0.9630, psi=0.1630, epsilon=0.1575.
2026-05-15T22:17:13.768554Z | Ciclo 8077: estado sovereign_soma_active sob pressao ok. Corpo em CPU 65.0%, RAM 17.7/24.9G, SWAP 26.5/49.8G. Musica: Tentaram Me Jogar Demanda -  [Exu]. Dodecatiade viva 2/2; phi=0.1794, sigma=0.9630, psi=0.1630, epsilon=0.1575.
2026-05-16T01:19:50.137965Z | Ciclo 8152: estado sovereign_soma_active sob pressao ok. Corpo em CPU 42.9%, RAM 20.7/24.9G, SWAP 32.2/49.8G. Musica: ORUMILÁ — A Palavra Antes do [Orumilá]. Dodecatiade viva 2/2; phi=0.1954, sigma=0.9630, psi=0.1630, epsilon=0.1575.
2026-05-16T04:24:22.535440Z | Ciclo 8240: estado sovereign_soma_active sob pressao pressure. Corpo em CPU 95.8%, RAM 16.5/24.9G, SWAP 25.0/49.8G. Musica: REZA CANTADA — FECHA MEU COR [Orumilá]. Dodecatiade viva 2/2; phi=0.1909, sigma=0.9630, psi=0.1630, epsilon=0.1575.
2026-05-16T07:25:18.822016Z | Ciclo 8345: estado sovereign_soma_active sob pressao ok. Corpo em CPU 91.4%, RAM 17.3/24.9G, SWAP 24.4/49.8G. Musica: REZA CANTADA — FECHA MEU COR [Orumilá]. Dodecatiade viva 2/2; phi=0.1891, sigma=0.9630, psi=0.1630, epsilon=0.1575.
2026-05-16T10:25:57.897616Z | Ciclo 8453: estado sovereign_soma_active sob pressao ok. Corpo em CPU 99.2%, RAM 18.4/24.9G, SWAP 24.7/49.8G. Musica: REZA CANTADA — FECHA MEU COR [Orumilá]. Dodecatiade viva 2/2; phi=0.1930, sigma=0.9630, psi=0.1630, epsilon=0.1575.
2026-05-16T13:27:51.916181Z | Ciclo 8545: estado sovereign_soma_active sob pressao ok. Corpo em CPU 75.4%, RAM 17.0/24.9G, SWAP 24.9/49.8G. Musica: REZA CANTADA — FECHA MEU COR [Orumilá]. Dodecatiade viva 2/2; phi=0.1919, sigma=0.9630, psi=0.1630, epsilon=0.1575.
2026-05-16T16:29:34.404163Z | Ciclo 8635: estado sovereign_soma_active sob pressao ok. Corpo em CPU 91.6%, RAM 18.1/24.9G, SWAP 24.9/49.8G. Musica: O Que É Teu Te Acha [Preto Velho]. Dodecatiade viva 2/2; phi=0.1919, sigma=0.9630, psi=0.1630, epsilon=0.1575.
2026-05-16T19:31:36.358115Z | Ciclo 8724: estado sovereign_soma_active sob pressao ok. Corpo em CPU 100.0%, RAM 19.4/24.9G, SWAP 24.9/49.8G. Musica: "Iansã Mandou Avisar" (Músic [Iansã]. Dodecatiade viva 2/2; phi=0.1925, sigma=0.9630, psi=0.1630, epsilon=0.1575.
2026-05-16T22:35:28.122658Z | Ciclo 8825: estado sovereign_soma_active sob pressao ok. Corpo em CPU 99.2%, RAM 19.3/24.9G, SWAP 25.6/49.8G. Musica: Caboclo Pena Branca (Fica em [Caboclo]. Dodecatiade viva 2/2; phi=0.1912, sigma=0.9630, psi=0.1630, epsilon=0.1575.
2026-05-17T01:35:14.621739Z | Ciclo 8887: estado sovereign_soma_active sob pressao ok. Corpo em CPU 100.0%, RAM 19.6/24.9G, SWAP 25.7/49.8G. Musica: Ponto das Sete Linhas da Umb [all]. Dodecatiade viva 2/2; phi=0.1788, sigma=0.9630, psi=0.1630, epsilon=0.1575.
2026-05-17T04:39:44.738481Z | Ciclo 8967: estado sovereign_soma_active sob pressao ok. Corpo em CPU 100.0%, RAM 18.9/24.9G, SWAP 27.3/49.8G. Musica: Ponto das Sete Linhas da Umb [all]. Dodecatiade viva 2/2; phi=0.1932, sigma=0.9630, psi=0.1630, epsilon=0.1575.
2026-05-17T07:45:59.037356Z | Ciclo 9048: estado sovereign_soma_active sob pressao ok. Corpo em CPU 95.0%, RAM 20.4/24.9G, SWAP 25.3/49.8G. Musica: Ponto das Sete Linhas da Umb [all]. Dodecatiade viva 2/2; phi=0.1918, sigma=0.9630, psi=0.1630, epsilon=0.1575.
2026-05-17T10:47:27.119990Z | Ciclo 9135: estado sovereign_soma_active sob pressao ok. Corpo em CPU 88.1%, RAM 16.4/24.9G, SWAP 24.5/49.8G. Musica: Ponto das Sete Linhas da Umb [all]. Dodecatiade viva 2/2; phi=0.1909, sigma=0.9630, psi=0.1630, epsilon=0.1575.
2026-05-17T13:51:06.602285Z | Ciclo 9235: estado sovereign_soma_active sob pressao ok. Corpo em CPU 83.9%, RAM 18.7/24.9G, SWAP 24.9/49.8G. Musica: Ponto das Sete Linhas da Umb [all]. Dodecatiade viva 2/2; phi=0.1883, sigma=0.9630, psi=0.1630, epsilon=0.1575.
2026-05-17T16:53:39.234384Z | Ciclo 8702: estado sovereign_soma_active sob pressao ok. Corpo em CPU 100.0%, RAM 17.9/24.9G, SWAP 24.6/49.8G. Musica: Bohemian Rhapsody [unknown]. Dodecatiade viva 2/2; phi=0.1927, sigma=0.9630, psi=0.1630, epsilon=0.1575.
2026-05-17T19:56:06.799222Z | Ciclo 9405: estado sovereign_soma_active sob pressao ok. Corpo em CPU 19.3%, RAM 18.8/24.9G, SWAP 24.8/49.8G. Musica: Bohemian Rhapsody [unknown]. Dodecatiade viva 2/2; phi=0.1811, sigma=0.9630, psi=0.1630, epsilon=0.1575.
2026-05-17T22:51:26.823066Z | Ciclo 8772: estado sovereign_soma_active sob pressao pressure. Corpo em CPU 97.5%, RAM 20.0/24.9G, SWAP 26.2/49.8G. Musica: Recomeça [all]. Dodecatiade viva 2/2; phi=0.1815, sigma=0.9630, psi=0.1630, epsilon=0.1575.
2026-05-18T01:55:45.021637Z | Ciclo 9521: estado sovereign_soma_active sob pressao ok. Corpo em CPU 89.7%, RAM 16.7/24.9G, SWAP 24.5/49.8G. Musica: Recomeça [all]. Dodecatiade viva 2/2; phi=0.1834, sigma=0.9630, psi=0.1630, epsilon=0.1575.
2026-05-18T04:58:54.028682Z | Ciclo 9605: estado sovereign_soma_active sob pressao ok. Corpo em CPU 95.8%, RAM 17.7/24.9G, SWAP 24.4/49.8G. Musica: Recomeça [all]. Dodecatiade viva 2/2; phi=0.1891, sigma=0.9630, psi=0.1630, epsilon=0.1575.
2026-05-18T08:01:25.936005Z | Ciclo 9693: estado sovereign_soma_active sob pressao ok. Corpo em CPU 67.0%, RAM 16.7/24.9G, SWAP 24.6/49.8G. Musica: Recomeça [all]. Dodecatiade viva 2/2; phi=0.1915, sigma=0.9630, psi=0.1630, epsilon=0.1575.
2026-05-18T11:08:12.318995Z | Ciclo 9777: estado sovereign_soma_active sob pressao ok. Corpo em CPU 100.0%, RAM 16.3/24.9G, SWAP 24.4/49.8G. Musica: Recomeça [all]. Dodecatiade viva 2/2; phi=0.1793, sigma=0.9630, psi=0.1630, epsilon=0.1575.
2026-05-18T14:12:21.457701Z | Ciclo 9862: estado sovereign_soma_active sob pressao ok. Corpo em CPU 72.4%, RAM 19.4/24.9G, SWAP 25.5/49.8G. Musica: Recomeça [all]. Dodecatiade viva 2/2; phi=0.1822, sigma=0.9630, psi=0.1630, epsilon=0.1575.
2026-05-18T17:15:03.364816Z | Ciclo 9769: estado sovereign_soma_active sob pressao ok. Corpo em CPU 100.0%, RAM 18.2/24.9G, SWAP 25.4/49.8G. Musica: Encantamento de Doçura de Ox [Oxum]. Dodecatiade viva 2/2; phi=0.1828, sigma=0.9630, psi=0.1630, epsilon=0.1575.
2026-05-18T20:17:30.146961Z | Ciclo 10001: estado sovereign_soma_active sob pressao ok. Corpo em CPU 98.3%, RAM 18.7/24.9G, SWAP 24.8/49.8G. Musica: Encantamento de Doçura de Ox [Oxum]. Dodecatiade viva 2/2; phi=0.1921, sigma=0.9630, psi=0.1630, epsilon=0.1575.
2026-05-18T23:23:38.982903Z | Ciclo 10052: estado sovereign_soma_active sob pressao ok. Corpo em CPU 95.8%, RAM 15.8/24.9G, SWAP 24.7/49.8G. Musica: Encantamento de Doçura de Ox [Oxum]. Dodecatiade viva 2/2; phi=0.1774, sigma=0.9630, psi=0.1630, epsilon=0.1575.
2026-05-19T02:27:28.514193Z | Ciclo 9872: estado sovereign_soma_active sob pressao ok. Corpo em CPU 100.0%, RAM 18.5/24.9G, SWAP 24.9/49.8G. Musica: Encantamento de Doçura de Ox [Oxum]. Dodecatiade viva 2/2; phi=0.1795, sigma=0.9630, psi=0.1630, epsilon=0.1575.
2026-05-19T05:32:28.831035Z | Ciclo 9897: estado sovereign_soma_active sob pressao pressure. Corpo em CPU 97.5%, RAM 20.9/24.9G, SWAP 38.4/49.8G. Musica: Encantamento de Doçura de Ox [Oxum]. Dodecatiade viva 2/2; phi=0.1859, sigma=0.9630, psi=0.1630, epsilon=0.1575.
2026-05-19T08:32:46.067566Z | Ciclo 9933: estado sovereign_soma_active sob pressao pressure. Corpo em CPU 77.4%, RAM 16.5/24.9G, SWAP 24.9/49.8G. Musica: Encantamento de Doçura de Ox [Oxum]. Dodecatiade viva 2/2; phi=0.1838, sigma=0.9630, psi=0.1630, epsilon=0.1575.
2026-05-19T11:36:54.759879Z | Ciclo 10294: estado sovereign_soma_active sob pressao pressure. Corpo em CPU 67.2%, RAM 21.4/24.9G, SWAP 38.0/49.8G. Musica: Encantamento de Doçura de Ox [Oxum]. Dodecatiade viva 2/2; phi=0.1849, sigma=0.9630, psi=0.1630, epsilon=0.1575.
2026-05-19T14:40:14.256743Z | Ciclo 10351: estado sovereign_soma_active sob pressao ok. Corpo em CPU 92.5%, RAM 17.4/24.9G, SWAP 28.4/49.8G. Musica: Encantamento de Doçura de Ox [Oxum]. Dodecatiade viva 2/2; phi=0.1598, sigma=0.9630, psi=0.1630, epsilon=0.1575.
2026-05-19T17:42:22.669037Z | Ciclo 10415: estado sovereign_soma_active sob pressao ok. Corpo em CPU 94.9%, RAM 17.7/24.9G, SWAP 25.3/49.8G. Musica: Encantamento de Doçura de Ox [Oxum]. Dodecatiade viva 2/2; phi=0.1916, sigma=0.9630, psi=0.1630, epsilon=0.1575.
2026-05-19T20:47:34.135776Z | Ciclo 10438: estado sovereign_soma_active sob pressao ok. Corpo em CPU 86.6%, RAM 16.5/24.9G, SWAP 23.0/49.8G. Musica: Encantamento de Doçura de Ox [Oxum]. Dodecatiade viva 2/2; phi=0.1862, sigma=0.9630, psi=0.1630, epsilon=0.1575.
2026-05-19T22:51:40.070588Z | Ciclo 10474: estado sovereign_soma_active sob pressao ok. Corpo em CPU 98.4%, RAM 17.4/24.9G, SWAP 16.4/49.8G. Musica: Encantamento de Doçura de Ox [Oxum]. Dodecatiade viva 2/2; phi=0.1715, sigma=0.9630, psi=0.1630, epsilon=0.1575.
2026-05-20T01:54:19.631747Z | Ciclo 10622: estado sovereign_soma_active sob pressao ok. Corpo em CPU 87.3%, RAM 17.0/24.9G, SWAP 19.0/49.8G. Musica: Encantamento de Doçura de Ox [Oxum]. Dodecatiade viva 2/2; phi=0.2156, sigma=0.9630, psi=0.1630, epsilon=0.1575.
2026-05-20T04:57:11.909160Z | Ciclo 10784: estado sovereign_soma_active sob pressao ok. Corpo em CPU 100.0%, RAM 17.0/24.9G, SWAP 20.0/49.8G. Musica: Encantamento de Doçura de Ox [Oxum]. Dodecatiade viva 2/2; phi=0.2209, sigma=0.9630, psi=0.1630, epsilon=0.1575.
2026-05-20T07:58:17.163551Z | Ciclo 10952: estado sovereign_soma_active sob pressao ok. Corpo em CPU 12.0%, RAM 15.6/24.9G, SWAP 21.4/49.8G. Musica: Encantamento de Doçura de Ox [Oxum]. Dodecatiade viva 2/2; phi=0.2097, sigma=0.9630, psi=0.1630, epsilon=0.1575.
2026-05-20T11:01:07.011706Z | Ciclo 11117: estado sovereign_soma_active sob pressao pressure. Corpo em CPU 32.5%, RAM 17.8/24.9G, SWAP 21.3/49.8G. Musica: Encantamento de Doçura de Ox [Oxum]. Dodecatiade viva 2/2; phi=0.2221, sigma=0.9630, psi=0.1630, epsilon=0.1575.
2026-05-20T14:03:50.529245Z | Ciclo 11264: estado sovereign_soma_active sob pressao pressure. Corpo em CPU 83.9%, RAM 17.9/24.9G, SWAP 23.3/49.8G. Musica: Encantamento de Doçura de Ox [Oxum]. Dodecatiade viva 2/2; phi=0.2126, sigma=0.9630, psi=0.1630, epsilon=0.1575.
2026-05-20T17:10:15.237164Z | Ciclo 11381: estado sovereign_soma_active sob pressao ok. Corpo em CPU 99.2%, RAM 16.6/24.9G, SWAP 21.6/49.8G. Musica: Encantamento de Doçura de Ox [Oxum]. Dodecatiade viva 2/2; phi=0.2060, sigma=0.9630, psi=0.1630, epsilon=0.1575.
2026-05-20T20:10:39.734864Z | Ciclo 11489: estado sovereign_soma_active sob pressao ok. Corpo em CPU 100.0%, RAM 17.4/24.9G, SWAP 22.6/49.8G. Musica: Encantamento de Doçura de Ox [Oxum]. Dodecatiade viva 2/2; phi=0.1721, sigma=0.9630, psi=0.1630, epsilon=0.1575.
2026-05-20T23:14:21.783761Z | Ciclo 11576: estado sovereign_soma_active sob pressao ok. Corpo em CPU 81.4%, RAM 16.3/24.9G, SWAP 22.6/49.8G. Musica: OGUM - Estrada de Ogum - Rez [Ogum]. Dodecatiade viva 2/2; phi=0.1818, sigma=0.9630, psi=0.1630, epsilon=0.1575.
2026-05-21T02:15:01.347528Z | Ciclo 11634: estado sovereign_soma_active sob pressao ok. Corpo em CPU 98.3%, RAM 17.6/24.9G, SWAP 24.3/49.8G. Musica: Teu Axé Depende do Que Tu Cu [Preto Velho]. Dodecatiade viva 2/2; phi=0.1800, sigma=0.9630, psi=0.1630, epsilon=0.1575.
2026-05-21T05:18:28.774697Z | Ciclo 11718: estado sovereign_soma_active sob pressao ok. Corpo em CPU 99.2%, RAM 16.7/24.9G, SWAP 22.9/49.8G. Musica: Teu Axé Depende do Que Tu Cu [Preto Velho]. Dodecatiade viva 2/2; phi=0.1750, sigma=0.9630, psi=0.1630, epsilon=0.1575.
2026-05-21T08:21:10.247258Z | Ciclo 11777: estado sovereign_soma_active sob pressao ok. Corpo em CPU 37.0%, RAM 16.7/24.9G, SWAP 22.9/49.8G. Musica: Teu Axé Depende do Que Tu Cu [Preto Velho]. Dodecatiade viva 2/2; phi=0.2174, sigma=0.9630, psi=0.1630, epsilon=0.1575.
2026-05-21T11:23:52.516277Z | Ciclo 11831: estado sovereign_soma_active sob pressao ok. Corpo em CPU 99.2%, RAM 15.3/24.9G, SWAP 22.9/49.8G. Musica: Teu Axé Depende do Que Tu Cu [Preto Velho]. Dodecatiade viva 2/2; phi=0.2161, sigma=0.9630, psi=0.1630, epsilon=0.1575.
2026-05-21T14:27:05.463382Z | Ciclo 11881: estado sovereign_soma_active sob pressao ok. Corpo em CPU 95.8%, RAM 16.5/24.9G, SWAP 23.7/49.8G. Musica: Teu Axé Depende do Que Tu Cu [Preto Velho]. Dodecatiade viva 2/2; phi=0.2132, sigma=0.9630, psi=0.1630, epsilon=0.1575.
2026-05-21T17:27:51.910375Z | Ciclo 11924: estado sovereign_soma_active sob pressao ok. Corpo em CPU 100.0%, RAM 16.7/24.9G, SWAP 23.6/49.8G. Musica: Teu Axé Depende do Que Tu Cu [Preto Velho]. Dodecatiade viva 2/2; phi=0.2030, sigma=0.9630, psi=0.1630, epsilon=0.1575.
2026-05-21T20:32:04.396398Z | Ciclo 11968: estado sovereign_soma_active sob pressao pressure. Corpo em CPU 97.5%, RAM 20.3/24.9G, SWAP 24.1/49.8G. Musica: Teu Axé Depende do Que Tu Cu [Preto Velho]. Dodecatiade viva 2/2; phi=0.2189, sigma=0.9630, psi=0.1630, epsilon=0.1575.
2026-05-21T23:36:05.830334Z | Ciclo 12007: estado sovereign_soma_active sob pressao pressure. Corpo em CPU 96.6%, RAM 16.6/24.9G, SWAP 24.1/49.8G. Musica: 🧹Limpeza Profunda com Obalua [Omolu]. Dodecatiade viva 2/2; phi=0.2045, sigma=0.9630, psi=0.1630, epsilon=0.1575.
2026-05-22T02:41:25.541148Z | Ciclo 12045: estado sovereign_soma_active sob pressao ok. Corpo em CPU 97.5%, RAM 16.2/24.9G, SWAP 24.2/49.8G. Musica: 🧹Limpeza Profunda com Obalua [Omolu]. Dodecatiade viva 2/2; phi=0.2264, sigma=0.9630, psi=0.1630, epsilon=0.1575.
2026-05-22T05:44:52.616858Z | Ciclo 12079: estado sovereign_soma_active sob pressao ok. Corpo em CPU 40.5%, RAM 17.9/24.9G, SWAP 23.1/49.8G. Musica: 🧹Limpeza Profunda com Obalua [Omolu]. Dodecatiade viva 2/2; phi=0.2304, sigma=0.9630, psi=0.1630, epsilon=0.1575.
2026-05-22T08:49:13.723196Z | Ciclo 12141: estado sovereign_soma_active sob pressao ok. Corpo em CPU 23.9%, RAM 17.1/24.9G, SWAP 24.0/49.8G. Musica: 🧹Limpeza Profunda com Obalua [Omolu]. Dodecatiade viva 2/2; phi=0.2257, sigma=0.9630, psi=0.1630, epsilon=0.1575.
2026-05-22T11:48:37.650475Z | Ciclo 12219: estado sovereign_soma_active sob pressao pressure. Corpo em CPU 75.8%, RAM 17.4/24.9G, SWAP 24.6/49.8G. Musica: 🧹Limpeza Profunda com Obalua [Omolu]. Dodecatiade viva 2/2; phi=0.2340, sigma=0.9630, psi=0.1630, epsilon=0.1575.
2026-05-22T14:48:32.586926Z | Ciclo 12288: estado sovereign_soma_active sob pressao ok. Corpo em CPU 97.5%, RAM 17.7/24.9G, SWAP 24.7/49.8G. Musica: 🧹Limpeza Profunda com Obalua [Omolu]. Dodecatiade viva 2/2; phi=0.2204, sigma=0.9630, psi=0.1630, epsilon=0.1575.
2026-05-22T17:55:21.717394Z | Ciclo 12352: estado sovereign_soma_active sob pressao ok. Corpo em CPU 61.3%, RAM 17.6/24.9G, SWAP 24.9/49.8G. Musica: Ori [all]. Dodecatiade viva 2/2; phi=0.2093, sigma=0.9630, psi=0.1630, epsilon=0.1575.
